<?xml version="1.0" encoding="UTF-8"?>
<!-- Generated by org.testng.reporters.JUnitXMLReporter -->
<testsuite hostname="DESKTOP-G2DUPBF" name="Test" tests="3" failures="0" timestamp="8 Jan 2018 17:26:12 GMT" time="22.476" errors="0">
  <testcase name="@BeforeMethod beforeMethod" time="0.0" classname="testcases.TC001_LoginLogOut">
    <failure type="java.lang.RuntimeException" message="FAILED">
      <![CDATA[java.lang.RuntimeException: FAILED
	at utils.Reporter.reportStep(Reporter.java:34)
	at utils.Reporter.reportStep(Reporter.java:44)
	at wdMethods.SeMethods.startApp(SeMethods.java:67)
	at wdMethods.ProjectMethods.beforeMethod(ProjectMethods.java:33)
... Removed 26 stack frames]]>
    </failure>
  </testcase> <!-- @BeforeMethod beforeMethod -->
  <testcase name="@AfterMethod afterMethod" time="0.0" classname="testcases.TC001_LoginLogOut">
    <skipped/>
  </testcase> <!-- @AfterMethod afterMethod -->
  <testcase name="@BeforeMethod beforeMethod" time="0.0" classname="testcases.TC001_LoginLogOut">
    <skipped/>
  </testcase> <!-- @BeforeMethod beforeMethod -->
  <testcase name="@AfterMethod afterMethod" time="0.0" classname="testcases.TC001_LoginLogOut">
    <skipped/>
  </testcase> <!-- @AfterMethod afterMethod -->
  <testcase name="@BeforeClass setData" time="0.0" classname="testcases.TC002_LoginNegative">
    <skipped/>
  </testcase> <!-- @BeforeClass setData -->
  <testcase name="@AfterTest afterTest" time="0.0" classname="testcases.TC001_LoginLogOut">
    <skipped/>
  </testcase> <!-- @AfterTest afterTest -->
  <testcase name="logInLogOut" time="0.0" classname="testcases.TC001_LoginLogOut">
    <skipped/>
  </testcase> <!-- logInLogOut -->
  <testcase name="logInLogOut" time="0.001" classname="testcases.TC001_LoginLogOut">
    <skipped/>
  </testcase> <!-- logInLogOut -->
  <testcase name="loginFail" time="0.0" classname="testcases.TC002_LoginNegative">
    <skipped/>
  </testcase> <!-- loginFail -->
</testsuite> <!-- Test -->
