<?xml version="1.0" encoding="UTF-8"?>
<!-- Generated by org.testng.reporters.JUnitXMLReporter -->
<testsuite hostname="DESKTOP-2F1RVR9" name="Test" tests="7" failures="0" timestamp="24 May 2018 15:06:57 GMT" time="13.674" errors="0">
  <testcase name="@BeforeMethod beforeMethod" time="0.0" classname="testcases.TC001_LoginLogOut">
    <failure type="java.lang.NullPointerException" message="null value in entry: url=null">
      <![CDATA[java.lang.NullPointerException: null value in entry: url=null
	at com.google.common.collect.CollectPreconditions.checkEntryNotNull(CollectPreconditions.java:32)
	at com.google.common.collect.SingletonImmutableBiMap.<init>(SingletonImmutableBiMap.java:42)
	at com.google.common.collect.ImmutableBiMap.of(ImmutableBiMap.java:70)
	at com.google.common.collect.ImmutableMap.of(ImmutableMap.java:123)
	at org.openqa.selenium.remote.RemoteWebDriver.get(RemoteWebDriver.java:325)
	at wdMethods.SeMethods.startApp(SeMethods.java:47)
	at wdMethods.ProjectMethods.beforeMethod(ProjectMethods.java:33)
... Removed 26 stack frames]]>
    </failure>
  </testcase> <!-- @BeforeMethod beforeMethod -->
  <testcase name="@AfterMethod afterMethod" time="0.0" classname="testcases.TC001_LoginLogOut">
    <skipped/>
  </testcase> <!-- @AfterMethod afterMethod -->
  <testcase name="@BeforeMethod beforeMethod" time="0.0" classname="testcases.TC001_LoginLogOut">
    <skipped/>
  </testcase> <!-- @BeforeMethod beforeMethod -->
  <testcase name="@AfterMethod afterMethod" time="0.0" classname="testcases.TC001_LoginLogOut">
    <skipped/>
  </testcase> <!-- @AfterMethod afterMethod -->
  <testcase name="@BeforeClass setData" time="0.0" classname="testcases.TC006_Edit_Lead">
    <skipped/>
  </testcase> <!-- @BeforeClass setData -->
  <testcase name="@BeforeClass setData" time="0.0" classname="testcases.TC005_Merge_Lead">
    <skipped/>
  </testcase> <!-- @BeforeClass setData -->
  <testcase name="@BeforeClass setData" time="0.0" classname="testcases.TC004_Delete_Lead">
    <skipped/>
  </testcase> <!-- @BeforeClass setData -->
  <testcase name="@BeforeClass setData" time="0.0" classname="testcases.TC002_LoginNegative">
    <skipped/>
  </testcase> <!-- @BeforeClass setData -->
  <testcase name="@BeforeClass setData" time="0.0" classname="testcases.TC003_Create_Lead">
    <skipped/>
  </testcase> <!-- @BeforeClass setData -->
  <testcase name="@AfterTest afterTest" time="0.0" classname="testcases.TC001_LoginLogOut">
    <skipped/>
  </testcase> <!-- @AfterTest afterTest -->
  <testcase name="logInLogOut" time="0.003" classname="testcases.TC001_LoginLogOut">
    <skipped/>
  </testcase> <!-- logInLogOut -->
  <testcase name="logInLogOut" time="0.001" classname="testcases.TC001_LoginLogOut">
    <skipped/>
  </testcase> <!-- logInLogOut -->
  <testcase name="DeleteLeadTest" time="0.0" classname="testcases.TC006_Edit_Lead">
    <skipped/>
  </testcase> <!-- DeleteLeadTest -->
  <testcase name="MergeLeadTest" time="0.0" classname="testcases.TC005_Merge_Lead">
    <skipped/>
  </testcase> <!-- MergeLeadTest -->
  <testcase name="DeleteLeadTest" time="0.0" classname="testcases.TC004_Delete_Lead">
    <skipped/>
  </testcase> <!-- DeleteLeadTest -->
  <testcase name="loginFail" time="0.0" classname="testcases.TC002_LoginNegative">
    <skipped/>
  </testcase> <!-- loginFail -->
  <testcase name="CreateLeadTest" time="0.0" classname="testcases.TC003_Create_Lead">
    <skipped/>
  </testcase> <!-- CreateLeadTest -->
</testsuite> <!-- Test -->
