<?xml version="1.0" encoding="UTF-8"?>
<testng-results skipped="7" failed="0" total="7" passed="0">
  <reporter-output>
  </reporter-output>
  <suite name="Suite" duration-ms="13674" started-at="2018-05-24T15:06:43Z" finished-at="2018-05-24T15:06:57Z">
    <groups>
    </groups>
    <test name="Test" duration-ms="13674" started-at="2018-05-24T15:06:43Z" finished-at="2018-05-24T15:06:57Z">
      <class name="testcases.TC005_Merge_Lead">
        <test-method status="SKIP" signature="setData()[pri:0, instance:testcases.TC005_Merge_Lead@15435c]" name="setData" is-config="true" duration-ms="0" started-at="2018-05-24T20:36:57Z" finished-at="2018-05-24T20:36:57Z">
          <reporter-output>
          </reporter-output>
        </test-method> <!-- setData -->
        <test-method status="SKIP" signature="MergeLeadTest(java.lang.String, java.lang.String)[pri:0, instance:testcases.TC005_Merge_Lead@15435c]" name="MergeLeadTest" duration-ms="0" started-at="2018-05-24T20:36:57Z" data-provider="fetchData" finished-at="2018-05-24T20:36:57Z">
          <exception class="java.lang.NullPointerException">
            <full-stacktrace>
              <![CDATA[java.lang.NullPointerException
	at org.testng.internal.MethodInvocationHelper.invokeDataProvider(MethodInvocationHelper.java:150)
	at org.testng.internal.Parameters.handleParameters(Parameters.java:430)
	at org.testng.internal.Invoker.handleParameters(Invoker.java:1269)
	at org.testng.internal.Invoker.createParameters(Invoker.java:985)
	at org.testng.internal.Invoker.invokeTestMethods(Invoker.java:1075)
	at org.testng.internal.TestMethodWorker.invokeTestMethods(TestMethodWorker.java:124)
	at org.testng.internal.TestMethodWorker.run(TestMethodWorker.java:108)
	at org.testng.TestRunner.privateRun(TestRunner.java:773)
	at org.testng.TestRunner.run(TestRunner.java:623)
	at org.testng.SuiteRunner.runTest(SuiteRunner.java:359)
	at org.testng.SuiteRunner.runSequentially(SuiteRunner.java:354)
	at org.testng.SuiteRunner.privateRun(SuiteRunner.java:312)
	at org.testng.SuiteRunner.run(SuiteRunner.java:261)
	at org.testng.SuiteRunnerWorker.runSuite(SuiteRunnerWorker.java:52)
	at org.testng.SuiteRunnerWorker.run(SuiteRunnerWorker.java:86)
	at org.testng.TestNG.runSuitesSequentially(TestNG.java:1185)
	at org.testng.TestNG.runSuitesLocally(TestNG.java:1110)
	at org.testng.TestNG.run(TestNG.java:1018)
	at org.testng.remote.RemoteTestNG.run(RemoteTestNG.java:112)
	at org.testng.remote.RemoteTestNG.initAndRun(RemoteTestNG.java:205)
	at org.testng.remote.RemoteTestNG.main(RemoteTestNG.java:176)
]]>
            </full-stacktrace>
          </exception> <!-- java.lang.NullPointerException -->
          <reporter-output>
          </reporter-output>
        </test-method> <!-- MergeLeadTest -->
      </class> <!-- testcases.TC005_Merge_Lead -->
      <class name="testcases.TC002_LoginNegative">
        <test-method status="SKIP" signature="setData()[pri:0, instance:testcases.TC002_LoginNegative@1a03464]" name="setData" is-config="true" duration-ms="0" started-at="2018-05-24T20:36:57Z" finished-at="2018-05-24T20:36:57Z">
          <reporter-output>
          </reporter-output>
        </test-method> <!-- setData -->
        <test-method status="SKIP" signature="loginFail(java.lang.String, java.lang.String, java.lang.String)[pri:0, instance:testcases.TC002_LoginNegative@1a03464]" name="loginFail" duration-ms="0" started-at="2018-05-24T20:36:57Z" data-provider="fetchData" finished-at="2018-05-24T20:36:57Z">
          <exception class="java.lang.NullPointerException">
            <full-stacktrace>
              <![CDATA[java.lang.NullPointerException
	at org.testng.internal.MethodInvocationHelper.invokeDataProvider(MethodInvocationHelper.java:150)
	at org.testng.internal.Parameters.handleParameters(Parameters.java:430)
	at org.testng.internal.Invoker.handleParameters(Invoker.java:1269)
	at org.testng.internal.Invoker.createParameters(Invoker.java:985)
	at org.testng.internal.Invoker.invokeTestMethods(Invoker.java:1075)
	at org.testng.internal.TestMethodWorker.invokeTestMethods(TestMethodWorker.java:124)
	at org.testng.internal.TestMethodWorker.run(TestMethodWorker.java:108)
	at org.testng.TestRunner.privateRun(TestRunner.java:773)
	at org.testng.TestRunner.run(TestRunner.java:623)
	at org.testng.SuiteRunner.runTest(SuiteRunner.java:359)
	at org.testng.SuiteRunner.runSequentially(SuiteRunner.java:354)
	at org.testng.SuiteRunner.privateRun(SuiteRunner.java:312)
	at org.testng.SuiteRunner.run(SuiteRunner.java:261)
	at org.testng.SuiteRunnerWorker.runSuite(SuiteRunnerWorker.java:52)
	at org.testng.SuiteRunnerWorker.run(SuiteRunnerWorker.java:86)
	at org.testng.TestNG.runSuitesSequentially(TestNG.java:1185)
	at org.testng.TestNG.runSuitesLocally(TestNG.java:1110)
	at org.testng.TestNG.run(TestNG.java:1018)
	at org.testng.remote.RemoteTestNG.run(RemoteTestNG.java:112)
	at org.testng.remote.RemoteTestNG.initAndRun(RemoteTestNG.java:205)
	at org.testng.remote.RemoteTestNG.main(RemoteTestNG.java:176)
]]>
            </full-stacktrace>
          </exception> <!-- java.lang.NullPointerException -->
          <reporter-output>
          </reporter-output>
        </test-method> <!-- loginFail -->
      </class> <!-- testcases.TC002_LoginNegative -->
      <class name="testcases.TC001_LoginLogOut">
        <test-method status="PASS" signature="beforeSuite()[pri:0, instance:testcases.TC001_LoginLogOut@1143ee9]" name="beforeSuite" is-config="true" duration-ms="3036" started-at="2018-05-24T20:36:40Z" finished-at="2018-05-24T20:36:43Z">
          <reporter-output>
          </reporter-output>
        </test-method> <!-- beforeSuite -->
        <test-method status="PASS" signature="beforeTest()[pri:0, instance:testcases.TC001_LoginLogOut@1143ee9]" name="beforeTest" is-config="true" duration-ms="0" started-at="2018-05-24T20:36:43Z" finished-at="2018-05-24T20:36:43Z">
          <reporter-output>
          </reporter-output>
        </test-method> <!-- beforeTest -->
        <test-method status="PASS" signature="setData()[pri:0, instance:testcases.TC001_LoginLogOut@1143ee9]" name="setData" is-config="true" duration-ms="1" started-at="2018-05-24T20:36:43Z" finished-at="2018-05-24T20:36:43Z">
          <reporter-output>
          </reporter-output>
        </test-method> <!-- setData -->
        <test-method status="FAIL" signature="beforeMethod()[pri:0, instance:testcases.TC001_LoginLogOut@1143ee9]" name="beforeMethod" is-config="true" duration-ms="0" started-at="2018-05-24T20:36:48Z" finished-at="2018-05-24T20:36:48Z">
          <exception class="java.lang.NullPointerException">
            <message>
              <![CDATA[null value in entry: url=null]]>
            </message>
            <full-stacktrace>
              <![CDATA[java.lang.NullPointerException: null value in entry: url=null
	at com.google.common.collect.CollectPreconditions.checkEntryNotNull(CollectPreconditions.java:32)
	at com.google.common.collect.SingletonImmutableBiMap.<init>(SingletonImmutableBiMap.java:42)
	at com.google.common.collect.ImmutableBiMap.of(ImmutableBiMap.java:70)
	at com.google.common.collect.ImmutableMap.of(ImmutableMap.java:123)
	at org.openqa.selenium.remote.RemoteWebDriver.get(RemoteWebDriver.java:325)
	at wdMethods.SeMethods.startApp(SeMethods.java:47)
	at wdMethods.ProjectMethods.beforeMethod(ProjectMethods.java:33)
	at sun.reflect.NativeMethodAccessorImpl.invoke0(Native Method)
	at sun.reflect.NativeMethodAccessorImpl.invoke(NativeMethodAccessorImpl.java:62)
	at sun.reflect.DelegatingMethodAccessorImpl.invoke(DelegatingMethodAccessorImpl.java:43)
	at java.lang.reflect.Method.invoke(Method.java:483)
	at org.testng.internal.MethodInvocationHelper.invokeMethod(MethodInvocationHelper.java:85)
	at org.testng.internal.Invoker.invokeConfigurationMethod(Invoker.java:510)
	at org.testng.internal.Invoker.invokeConfigurations(Invoker.java:211)
	at org.testng.internal.Invoker.invokeMethod(Invoker.java:585)
	at org.testng.internal.Invoker.invokeTestMethod(Invoker.java:816)
	at org.testng.internal.Invoker.invokeTestMethods(Invoker.java:1124)
	at org.testng.internal.TestMethodWorker.invokeTestMethods(TestMethodWorker.java:124)
	at org.testng.internal.TestMethodWorker.run(TestMethodWorker.java:108)
	at org.testng.TestRunner.privateRun(TestRunner.java:773)
	at org.testng.TestRunner.run(TestRunner.java:623)
	at org.testng.SuiteRunner.runTest(SuiteRunner.java:359)
	at org.testng.SuiteRunner.runSequentially(SuiteRunner.java:354)
	at org.testng.SuiteRunner.privateRun(SuiteRunner.java:312)
	at org.testng.SuiteRunner.run(SuiteRunner.java:261)
	at org.testng.SuiteRunnerWorker.runSuite(SuiteRunnerWorker.java:52)
	at org.testng.SuiteRunnerWorker.run(SuiteRunnerWorker.java:86)
	at org.testng.TestNG.runSuitesSequentially(TestNG.java:1185)
	at org.testng.TestNG.runSuitesLocally(TestNG.java:1110)
	at org.testng.TestNG.run(TestNG.java:1018)
	at org.testng.remote.RemoteTestNG.run(RemoteTestNG.java:112)
	at org.testng.remote.RemoteTestNG.initAndRun(RemoteTestNG.java:205)
	at org.testng.remote.RemoteTestNG.main(RemoteTestNG.java:176)
]]>
            </full-stacktrace>
          </exception> <!-- java.lang.NullPointerException -->
          <reporter-output>
          </reporter-output>
        </test-method> <!-- beforeMethod -->
        <test-method status="SKIP" signature="logInLogOut(java.lang.String, java.lang.String)[pri:0, instance:testcases.TC001_LoginLogOut@1143ee9]" name="logInLogOut" duration-ms="3" started-at="2018-05-24T20:36:57Z" data-provider="fetchData" finished-at="2018-05-24T20:36:57Z">
          <params>
            <param index="0">
              <value>
                <![CDATA[DemoSalesManager]]>
              </value>
            </param>
            <param index="1">
              <value>
                <![CDATA[crmsfa]]>
              </value>
            </param>
          </params>
          <reporter-output>
          </reporter-output>
        </test-method> <!-- logInLogOut -->
        <test-method status="SKIP" signature="afterMethod()[pri:0, instance:testcases.TC001_LoginLogOut@1143ee9]" name="afterMethod" is-config="true" duration-ms="0" started-at="2018-05-24T20:36:57Z" finished-at="2018-05-24T20:36:57Z">
          <reporter-output>
          </reporter-output>
        </test-method> <!-- afterMethod -->
        <test-method status="SKIP" signature="beforeMethod()[pri:0, instance:testcases.TC001_LoginLogOut@1143ee9]" name="beforeMethod" is-config="true" duration-ms="0" started-at="2018-05-24T20:36:57Z" finished-at="2018-05-24T20:36:57Z">
          <reporter-output>
          </reporter-output>
        </test-method> <!-- beforeMethod -->
        <test-method status="SKIP" signature="logInLogOut(java.lang.String, java.lang.String)[pri:0, instance:testcases.TC001_LoginLogOut@1143ee9]" name="logInLogOut" duration-ms="1" started-at="2018-05-24T20:36:57Z" data-provider="fetchData" finished-at="2018-05-24T20:36:57Z">
          <params>
            <param index="0">
              <value>
                <![CDATA[DemoCSR]]>
              </value>
            </param>
            <param index="1">
              <value>
                <![CDATA[crmsfa]]>
              </value>
            </param>
          </params>
          <reporter-output>
          </reporter-output>
        </test-method> <!-- logInLogOut -->
        <test-method status="SKIP" signature="afterMethod()[pri:0, instance:testcases.TC001_LoginLogOut@1143ee9]" name="afterMethod" is-config="true" duration-ms="0" started-at="2018-05-24T20:36:57Z" finished-at="2018-05-24T20:36:57Z">
          <reporter-output>
          </reporter-output>
        </test-method> <!-- afterMethod -->
        <test-method status="SKIP" signature="afterTest()[pri:0, instance:testcases.TC001_LoginLogOut@1143ee9]" name="afterTest" is-config="true" duration-ms="0" started-at="2018-05-24T20:36:57Z" finished-at="2018-05-24T20:36:57Z">
          <reporter-output>
          </reporter-output>
        </test-method> <!-- afterTest -->
        <test-method status="SKIP" signature="afterSuite()[pri:0, instance:testcases.TC001_LoginLogOut@1143ee9]" name="afterSuite" is-config="true" duration-ms="0" started-at="2018-05-24T20:36:58Z" finished-at="2018-05-24T20:36:58Z">
          <reporter-output>
          </reporter-output>
        </test-method> <!-- afterSuite -->
      </class> <!-- testcases.TC001_LoginLogOut -->
      <class name="testcases.TC003_Create_Lead">
        <test-method status="SKIP" signature="setData()[pri:0, instance:testcases.TC003_Create_Lead@13fcdbd]" name="setData" is-config="true" duration-ms="0" started-at="2018-05-24T20:36:57Z" finished-at="2018-05-24T20:36:57Z">
          <reporter-output>
          </reporter-output>
        </test-method> <!-- setData -->
        <test-method status="SKIP" signature="CreateLeadTest(java.lang.String, java.lang.String)[pri:0, instance:testcases.TC003_Create_Lead@13fcdbd]" name="CreateLeadTest" duration-ms="0" started-at="2018-05-24T20:36:57Z" data-provider="fetchData" finished-at="2018-05-24T20:36:57Z">
          <exception class="java.lang.NullPointerException">
            <full-stacktrace>
              <![CDATA[java.lang.NullPointerException
	at org.testng.internal.MethodInvocationHelper.invokeDataProvider(MethodInvocationHelper.java:150)
	at org.testng.internal.Parameters.handleParameters(Parameters.java:430)
	at org.testng.internal.Invoker.handleParameters(Invoker.java:1269)
	at org.testng.internal.Invoker.createParameters(Invoker.java:985)
	at org.testng.internal.Invoker.invokeTestMethods(Invoker.java:1075)
	at org.testng.internal.TestMethodWorker.invokeTestMethods(TestMethodWorker.java:124)
	at org.testng.internal.TestMethodWorker.run(TestMethodWorker.java:108)
	at org.testng.TestRunner.privateRun(TestRunner.java:773)
	at org.testng.TestRunner.run(TestRunner.java:623)
	at org.testng.SuiteRunner.runTest(SuiteRunner.java:359)
	at org.testng.SuiteRunner.runSequentially(SuiteRunner.java:354)
	at org.testng.SuiteRunner.privateRun(SuiteRunner.java:312)
	at org.testng.SuiteRunner.run(SuiteRunner.java:261)
	at org.testng.SuiteRunnerWorker.runSuite(SuiteRunnerWorker.java:52)
	at org.testng.SuiteRunnerWorker.run(SuiteRunnerWorker.java:86)
	at org.testng.TestNG.runSuitesSequentially(TestNG.java:1185)
	at org.testng.TestNG.runSuitesLocally(TestNG.java:1110)
	at org.testng.TestNG.run(TestNG.java:1018)
	at org.testng.remote.RemoteTestNG.run(RemoteTestNG.java:112)
	at org.testng.remote.RemoteTestNG.initAndRun(RemoteTestNG.java:205)
	at org.testng.remote.RemoteTestNG.main(RemoteTestNG.java:176)
]]>
            </full-stacktrace>
          </exception> <!-- java.lang.NullPointerException -->
          <reporter-output>
          </reporter-output>
        </test-method> <!-- CreateLeadTest -->
      </class> <!-- testcases.TC003_Create_Lead -->
      <class name="testcases.TC006_Edit_Lead">
        <test-method status="SKIP" signature="setData()[pri:0, instance:testcases.TC006_Edit_Lead@136f0f5]" name="setData" is-config="true" duration-ms="0" started-at="2018-05-24T20:36:57Z" finished-at="2018-05-24T20:36:57Z">
          <reporter-output>
          </reporter-output>
        </test-method> <!-- setData -->
        <test-method status="SKIP" signature="DeleteLeadTest(java.lang.String, java.lang.String)[pri:0, instance:testcases.TC006_Edit_Lead@136f0f5]" name="DeleteLeadTest" duration-ms="0" started-at="2018-05-24T20:36:57Z" data-provider="fetchData" finished-at="2018-05-24T20:36:57Z">
          <exception class="java.lang.NullPointerException">
            <full-stacktrace>
              <![CDATA[java.lang.NullPointerException
	at org.testng.internal.MethodInvocationHelper.invokeDataProvider(MethodInvocationHelper.java:150)
	at org.testng.internal.Parameters.handleParameters(Parameters.java:430)
	at org.testng.internal.Invoker.handleParameters(Invoker.java:1269)
	at org.testng.internal.Invoker.createParameters(Invoker.java:985)
	at org.testng.internal.Invoker.invokeTestMethods(Invoker.java:1075)
	at org.testng.internal.TestMethodWorker.invokeTestMethods(TestMethodWorker.java:124)
	at org.testng.internal.TestMethodWorker.run(TestMethodWorker.java:108)
	at org.testng.TestRunner.privateRun(TestRunner.java:773)
	at org.testng.TestRunner.run(TestRunner.java:623)
	at org.testng.SuiteRunner.runTest(SuiteRunner.java:359)
	at org.testng.SuiteRunner.runSequentially(SuiteRunner.java:354)
	at org.testng.SuiteRunner.privateRun(SuiteRunner.java:312)
	at org.testng.SuiteRunner.run(SuiteRunner.java:261)
	at org.testng.SuiteRunnerWorker.runSuite(SuiteRunnerWorker.java:52)
	at org.testng.SuiteRunnerWorker.run(SuiteRunnerWorker.java:86)
	at org.testng.TestNG.runSuitesSequentially(TestNG.java:1185)
	at org.testng.TestNG.runSuitesLocally(TestNG.java:1110)
	at org.testng.TestNG.run(TestNG.java:1018)
	at org.testng.remote.RemoteTestNG.run(RemoteTestNG.java:112)
	at org.testng.remote.RemoteTestNG.initAndRun(RemoteTestNG.java:205)
	at org.testng.remote.RemoteTestNG.main(RemoteTestNG.java:176)
]]>
            </full-stacktrace>
          </exception> <!-- java.lang.NullPointerException -->
          <reporter-output>
          </reporter-output>
        </test-method> <!-- DeleteLeadTest -->
      </class> <!-- testcases.TC006_Edit_Lead -->
      <class name="testcases.TC004_Delete_Lead">
        <test-method status="SKIP" signature="setData()[pri:0, instance:testcases.TC004_Delete_Lead@109b8da]" name="setData" is-config="true" duration-ms="0" started-at="2018-05-24T20:36:57Z" finished-at="2018-05-24T20:36:57Z">
          <reporter-output>
          </reporter-output>
        </test-method> <!-- setData -->
        <test-method status="SKIP" signature="DeleteLeadTest(java.lang.String, java.lang.String)[pri:0, instance:testcases.TC004_Delete_Lead@109b8da]" name="DeleteLeadTest" duration-ms="0" started-at="2018-05-24T20:36:57Z" data-provider="fetchData" finished-at="2018-05-24T20:36:57Z">
          <exception class="java.lang.NullPointerException">
            <full-stacktrace>
              <![CDATA[java.lang.NullPointerException
	at org.testng.internal.MethodInvocationHelper.invokeDataProvider(MethodInvocationHelper.java:150)
	at org.testng.internal.Parameters.handleParameters(Parameters.java:430)
	at org.testng.internal.Invoker.handleParameters(Invoker.java:1269)
	at org.testng.internal.Invoker.createParameters(Invoker.java:985)
	at org.testng.internal.Invoker.invokeTestMethods(Invoker.java:1075)
	at org.testng.internal.TestMethodWorker.invokeTestMethods(TestMethodWorker.java:124)
	at org.testng.internal.TestMethodWorker.run(TestMethodWorker.java:108)
	at org.testng.TestRunner.privateRun(TestRunner.java:773)
	at org.testng.TestRunner.run(TestRunner.java:623)
	at org.testng.SuiteRunner.runTest(SuiteRunner.java:359)
	at org.testng.SuiteRunner.runSequentially(SuiteRunner.java:354)
	at org.testng.SuiteRunner.privateRun(SuiteRunner.java:312)
	at org.testng.SuiteRunner.run(SuiteRunner.java:261)
	at org.testng.SuiteRunnerWorker.runSuite(SuiteRunnerWorker.java:52)
	at org.testng.SuiteRunnerWorker.run(SuiteRunnerWorker.java:86)
	at org.testng.TestNG.runSuitesSequentially(TestNG.java:1185)
	at org.testng.TestNG.runSuitesLocally(TestNG.java:1110)
	at org.testng.TestNG.run(TestNG.java:1018)
	at org.testng.remote.RemoteTestNG.run(RemoteTestNG.java:112)
	at org.testng.remote.RemoteTestNG.initAndRun(RemoteTestNG.java:205)
	at org.testng.remote.RemoteTestNG.main(RemoteTestNG.java:176)
]]>
            </full-stacktrace>
          </exception> <!-- java.lang.NullPointerException -->
          <reporter-output>
          </reporter-output>
        </test-method> <!-- DeleteLeadTest -->
      </class> <!-- testcases.TC004_Delete_Lead -->
    </test> <!-- Test -->
  </suite> <!-- Suite -->
</testng-results>
