<?xml version="1.0" encoding="UTF-8"?>
<testng-results skipped="0" failed="0" total="1" passed="1">
  <reporter-output>
  </reporter-output>
  <suite name="Default suite" duration-ms="38194" started-at="2018-01-20T07:46:11Z" finished-at="2018-01-20T07:46:49Z">
    <groups>
    </groups>
    <test name="Default test" duration-ms="38194" started-at="2018-01-20T07:46:11Z" finished-at="2018-01-20T07:46:49Z">
      <class name="testcases.TC006_Edit_Lead">
        <test-method status="PASS" signature="beforeSuite()[pri:0, instance:testcases.TC006_Edit_Lead@addb54]" name="beforeSuite" is-config="true" duration-ms="569" started-at="2018-01-20T13:16:10Z" finished-at="2018-01-20T13:16:11Z">
          <reporter-output>
          </reporter-output>
        </test-method> <!-- beforeSuite -->
        <test-method status="PASS" signature="beforeTest()[pri:0, instance:testcases.TC006_Edit_Lead@addb54]" name="beforeTest" is-config="true" duration-ms="0" started-at="2018-01-20T13:16:11Z" finished-at="2018-01-20T13:16:11Z">
          <reporter-output>
          </reporter-output>
        </test-method> <!-- beforeTest -->
        <test-method status="PASS" signature="setData()[pri:0, instance:testcases.TC006_Edit_Lead@addb54]" name="setData" is-config="true" duration-ms="0" started-at="2018-01-20T13:16:11Z" finished-at="2018-01-20T13:16:11Z">
          <reporter-output>
          </reporter-output>
        </test-method> <!-- setData -->
        <test-method status="PASS" signature="beforeMethod()[pri:0, instance:testcases.TC006_Edit_Lead@addb54]" name="beforeMethod" is-config="true" duration-ms="11662" started-at="2018-01-20T13:16:11Z" finished-at="2018-01-20T13:16:23Z">
          <reporter-output>
          </reporter-output>
        </test-method> <!-- beforeMethod -->
        <test-method status="PASS" signature="DeleteLeadTest(java.lang.String, java.lang.String)[pri:0, instance:testcases.TC006_Edit_Lead@addb54]" name="DeleteLeadTest" duration-ms="25300" started-at="2018-01-20T13:16:23Z" data-provider="fetchData" finished-at="2018-01-20T13:16:48Z">
          <params>
            <param index="0">
              <value>
                <![CDATA[DemoSalesManager]]>
              </value>
            </param>
            <param index="1">
              <value>
                <![CDATA[crmsfa]]>
              </value>
            </param>
          </params>
          <reporter-output>
          </reporter-output>
        </test-method> <!-- DeleteLeadTest -->
        <test-method status="PASS" signature="afterMethod()[pri:0, instance:testcases.TC006_Edit_Lead@addb54]" name="afterMethod" is-config="true" duration-ms="666" started-at="2018-01-20T13:16:48Z" finished-at="2018-01-20T13:16:49Z">
          <reporter-output>
          </reporter-output>
        </test-method> <!-- afterMethod -->
        <test-method status="PASS" signature="afterTest()[pri:0, instance:testcases.TC006_Edit_Lead@addb54]" name="afterTest" is-config="true" duration-ms="1" started-at="2018-01-20T13:16:49Z" finished-at="2018-01-20T13:16:49Z">
          <reporter-output>
          </reporter-output>
        </test-method> <!-- afterTest -->
        <test-method status="PASS" signature="afterSuite()[pri:0, instance:testcases.TC006_Edit_Lead@addb54]" name="afterSuite" is-config="true" duration-ms="310" started-at="2018-01-20T13:16:49Z" finished-at="2018-01-20T13:16:49Z">
          <reporter-output>
          </reporter-output>
        </test-method> <!-- afterSuite -->
      </class> <!-- testcases.TC006_Edit_Lead -->
    </test> <!-- Default test -->
  </suite> <!-- Default suite -->
</testng-results>
